<?xml version="1.0" encoding="UTF-8"?>
<!-- Generated by org.testng.reporters.JUnitReportReporter -->
<testsuite hostname="DESKTOP-HER8BAS" failures="0" tests="2" name="testNGStudies.BeforeMethodUse" time="0.020" errors="0" timestamp="2023-12-27T12:31:14 IST" skipped="0">
  <testcase classname="testNGStudies.BeforeMethodUse" name="myMethod" time="0.016">
    <system-out>
      <![CDATA[MyMethod is running]]>
    </system-out>
  </testcase> <!-- myMethod -->
  <testcase classname="testNGStudies.BeforeMethodUse" name="myMethod1" time="0.004">
    <system-out>
      <![CDATA[MyMethod1 is running]]>
    </system-out>
  </testcase> <!-- myMethod1 -->
  <system-out>
    <![CDATA[Before Method is running
MyMethod is running
Before Method is running
MyMethod1 is running]]>
  </system-out>
</testsuite> <!-- testNGStudies.BeforeMethodUse -->
