<?xml version="1.0" encoding="UTF-8"?>
<!-- Generated by org.testng.reporters.JUnitReportReporter -->
<testsuite hostname="DESKTOP-HER8BAS" failures="0" tests="3" name="testNGPriorityKeyword.Priority" time="0.022" errors="0" timestamp="2023-12-22T13:30:29 IST" skipped="0">
  <testcase classname="testNGPriorityKeyword.Priority" name="h" time="0.017">
    <system-out>
      <![CDATA[h]]>
    </system-out>
  </testcase> <!-- h -->
  <testcase classname="testNGPriorityKeyword.Priority" name="g" time="0.002">
    <system-out>
      <![CDATA[g]]>
    </system-out>
  </testcase> <!-- g -->
  <testcase classname="testNGPriorityKeyword.Priority" name="f" time="0.003">
    <system-out>
      <![CDATA[f]]>
    </system-out>
  </testcase> <!-- f -->
  <system-out>
    <![CDATA[h
g
f]]>
  </system-out>
</testsuite> <!-- testNGPriorityKeyword.Priority -->
