<?xml version="1.0" encoding="UTF-8"?>
<!-- Generated by org.testng.reporters.JUnitReportReporter -->
<testsuite hostname="DESKTOP-HER8BAS" failures="0" tests="1" name="coverFoxUsingTestNG.CF_TC555_Validate_Search_results_for_healthCare_policies" time="22.931" errors="0" timestamp="2024-01-08T18:03:52 IST" skipped="0">
  <testcase classname="coverFoxUsingTestNG.CF_TC555_Validate_Search_results_for_healthCare_policies" name="validateTestPlansFromTextAndBanners" time="22.931">
    <system-out>
      <![CDATA[Fetching number of results from text
Fetching number of results from Banners
TC is Passed]]>
    </system-out>
  </testcase> <!-- validateTestPlansFromTextAndBanners -->
  <system-out>
    <![CDATA[Opening browser
Clicking on gender button
Clicking on next button
Handling age drop down
Clicking On next button
Entering Pin Code
Entering Mobile Number
Clicking on continue button
Fetching number of results from text
Fetching number of results from Banners
TC is Passed
Closing browser]]>
  </system-out>
</testsuite> <!-- coverFoxUsingTestNG.CF_TC555_Validate_Search_results_for_healthCare_policies -->
