<?xml version="1.0" encoding="UTF-8"?>
<!-- Generated by org.testng.reporters.JUnitReportReporter -->
<testsuite hostname="DESKTOP-HER8BAS" failures="0" tests="2" name="testNGAssertions.SoftAssertUse" time="0.019" errors="0" timestamp="2024-01-02T22:12:35 IST" skipped="0">
  <testcase classname="testNGAssertions.SoftAssertUse" name="m" time="0.003"/>
  <testcase classname="testNGAssertions.SoftAssertUse" name="f" time="0.016"/>
</testsuite> <!-- testNGAssertions.SoftAssertUse -->
