<?xml version="1.0" encoding="UTF-8"?>
<!-- Generated by org.testng.reporters.JUnitReportReporter -->
<testsuite hostname="DESKTOP-HER8BAS" failures="0" tests="1" name="testNGStudies.NewTest" time="0.021" errors="0" timestamp="2023-12-22T12:48:16 IST" skipped="0">
  <testcase classname="testNGStudies.NewTest" name="f" time="0.021">
    <system-out>
      <![CDATA[Hi this printing statement without boolean
Hi this is printing statement with boolean statement]]>
    </system-out>
  </testcase> <!-- f -->
  <system-out>
    <![CDATA[Hi this printing statement without boolean
Hi this is printing statement with boolean statement]]>
  </system-out>
</testsuite> <!-- testNGStudies.NewTest -->
