<?xml version="1.0" encoding="UTF-8"?>
<!-- Generated by org.testng.reporters.JUnitReportReporter -->
<testsuite hostname="DESKTOP-HER8BAS" failures="0" tests="1" name="testNGStudy.Test1" time="14.845" errors="0" timestamp="2023-12-20T15:32:15 IST" skipped="0">
  <testcase classname="testNGStudy.Test1" name="f" time="14.845"/>
</testsuite> <!-- testNGStudy.Test1 -->
