<?xml version="1.0" encoding="UTF-8"?>
<!-- Generated by org.testng.reporters.JUnitReportReporter -->
<testsuite hostname="DESKTOP-HER8BAS" failures="0" tests="2" name="testNGxmlUse.GroupClass2" time="0.004" errors="0" timestamp="2023-12-28T18:30:33 IST" skipped="0">
  <testcase classname="testNGxmlUse.GroupClass2" name="TC5" time="0.001">
    <system-out>
      <![CDATA[TC5 is Running]]>
    </system-out>
  </testcase> <!-- TC5 -->
  <testcase classname="testNGxmlUse.GroupClass2" name="TC7" time="0.003">
    <system-out>
      <![CDATA[TC7 is Running]]>
    </system-out>
  </testcase> <!-- TC7 -->
  <system-out>
    <![CDATA[TC1 is Running
TC2 is Running
TC5 is Running
TC7 is Running]]>
  </system-out>
</testsuite> <!-- testNGxmlUse.GroupClass2 -->
