<?xml version="1.0" encoding="UTF-8"?>
<!-- Generated by org.testng.reporters.JUnitReportReporter -->
<testsuite hostname="DESKTOP-HER8BAS" failures="0" tests="3" name="testNGStudies.Priority1" time="0.028" errors="0" timestamp="2023-12-22T13:25:15 IST" skipped="1">
  <testcase classname="testNGStudies.Priority1" name="z" time="0.022">
    <system-out>
      <![CDATA[z]]>
    </system-out>
  </testcase> <!-- z -->
  <testcase classname="testNGStudies.Priority1" name="y" time="0.006">
    <system-out>
      <![CDATA[y]]>
    </system-out>
  </testcase> <!-- y -->
  <testcase classname="testNGStudies.Priority1" name="x">
    <skipped/>
  </testcase> <!-- x -->
  <system-out>
    <![CDATA[z
y]]>
  </system-out>
</testsuite> <!-- testNGStudies.Priority1 -->
