<?xml version="1.0" encoding="UTF-8"?>
<!-- Generated by org.testng.reporters.JUnitReportReporter -->
<testsuite hostname="DESKTOP-HER8BAS" failures="0" tests="2" name="testNGdataProvider.CrossBrowserTest" time="32.974" errors="0" timestamp="2024-01-04T17:20:51 IST" skipped="0">
  <testcase classname="testNGdataProvider.CrossBrowserTest" name="crossBrowserTesting" time="16.282"/>
  <testcase classname="testNGdataProvider.CrossBrowserTest" name="crossBrowserTesting" time="16.692"/>
</testsuite> <!-- testNGdataProvider.CrossBrowserTest -->
