<?xml version="1.0" encoding="UTF-8"?>
<!-- Generated by org.testng.reporters.JUnitReportReporter -->
<testsuite hostname="DESKTOP-HER8BAS" failures="0" tests="3" name="testNGStudies.TestNGclassWithMultipleTestCases" time="9.267" errors="0" timestamp="2023-12-22T12:56:09 IST" skipped="0">
  <testcase classname="testNGStudies.TestNGclassWithMultipleTestCases" name="instaLaunch" time="2.171">
    <system-out>
      <![CDATA[Instagram Launching]]>
    </system-out>
  </testcase> <!-- instaLaunch -->
  <testcase classname="testNGStudies.TestNGclassWithMultipleTestCases" name="fbLaunch" time="3.514">
    <system-out>
      <![CDATA[Facebook Launching]]>
    </system-out>
  </testcase> <!-- fbLaunch -->
  <testcase classname="testNGStudies.TestNGclassWithMultipleTestCases" name="naukariLaunch" time="3.582">
    <system-out>
      <![CDATA[Naukari.com Launching]]>
    </system-out>
  </testcase> <!-- naukariLaunch -->
  <system-out>
    <![CDATA[Facebook Launching
Instagram Launching
Naukari.com Launching]]>
  </system-out>
</testsuite> <!-- testNGStudies.TestNGclassWithMultipleTestCases -->
