<?xml version="1.0" encoding="UTF-8"?>
<!-- Generated by org.testng.reporters.JUnitReportReporter -->
<testsuite hostname="DESKTOP-HER8BAS" failures="0" tests="1" name="coverFoxTest.CF_TC555_Validate_Search_results_for_healthCare_policies" time="25.463" errors="0" timestamp="2024-01-11T12:56:04 IST" skipped="0">
  <testcase classname="coverFoxTest.CF_TC555_Validate_Search_results_for_healthCare_policies" name="validateTestPlansFromTextAndBanners" time="25.463">
    <system-out>
      <![CDATA[Fetching number of results from text
Fetching number of results from Banners
TC is Passed
Taking ScreenShot
Saved ScreenShot atC:\Users\HP\OneDrive\Desktop\selenium\MyScreenshots\coverFoxCF_TC555_2024.01.11.12.55.57.png]]>
    </system-out>
  </testcase> <!-- validateTestPlansFromTextAndBanners -->
  <system-out>
    <![CDATA[Launching Browser
Clicking on gender button
Clicking on next button
Handling age drop down
Reading data from excelsheet
Clicking On next button
Entering Pin Code
Reading data from excelsheet
Entering Mobile Number
Reading data from excelsheet
Clicking on continue button
Fetching number of results from text
Fetching number of results from Banners
TC is Passed
Taking ScreenShot
Saved ScreenShot atC:\Users\HP\OneDrive\Desktop\selenium\MyScreenshots\coverFoxCF_TC555_2024.01.11.12.55.57.png
Closing Browser]]>
  </system-out>
</testsuite> <!-- coverFoxTest.CF_TC555_Validate_Search_results_for_healthCare_policies -->
