<?xml version="1.0" encoding="UTF-8"?>
<!-- Generated by org.testng.reporters.JUnitReportReporter -->
<testsuite hostname="DESKTOP-HER8BAS" failures="0" tests="1" name="serialAndParallelTestNG.FaceBook" time="26.489" errors="0" timestamp="2024-01-02T13:38:53 IST" skipped="0">
  <testcase classname="serialAndParallelTestNG.FaceBook" name="facbookTest" time="26.489"/>
</testsuite> <!-- serialAndParallelTestNG.FaceBook -->
