<?xml version="1.0" encoding="UTF-8"?>
<!-- Generated by org.testng.reporters.JUnitReportReporter -->
<testsuite hostname="DESKTOP-HER8BAS" failures="0" tests="4" name="testNGStudies.EnabledUse" time="0.022" errors="0" timestamp="2023-12-27T12:20:36 IST" skipped="1">
  <testcase classname="testNGStudies.EnabledUse" name="c" time="0.011">
    <system-out>
      <![CDATA[c is running]]>
    </system-out>
  </testcase> <!-- c -->
  <testcase classname="testNGStudies.EnabledUse" name="d" time="0.006">
    <system-out>
      <![CDATA[d is running]]>
    </system-out>
  </testcase> <!-- d -->
  <testcase classname="testNGStudies.EnabledUse" name="a" time="0.005">
    <system-out>
      <![CDATA[a is running]]>
    </system-out>
  </testcase> <!-- a -->
  <testcase classname="testNGStudies.EnabledUse" name="b">
    <skipped/>
  </testcase> <!-- b -->
  <system-out>
    <![CDATA[c is running
d is running
a is running]]>
  </system-out>
</testsuite> <!-- testNGStudies.EnabledUse -->
