<?xml version="1.0" encoding="UTF-8"?>
<!-- Generated by org.testng.reporters.JUnitReportReporter -->
<testsuite hostname="DESKTOP-HER8BAS" failures="0" tests="1" name="testNGAssertions.AssertEqualsUse" time="0.065" errors="0" timestamp="2024-01-02T18:02:14 IST" skipped="0">
  <testcase classname="testNGAssertions.AssertEqualsUse" name="f" time="0.065"/>
</testsuite> <!-- testNGAssertions.AssertEqualsUse -->
