<?xml version="1.0" encoding="UTF-8"?>
<!-- Generated by org.testng.reporters.JUnitReportReporter -->
<testsuite hostname="DESKTOP-HER8BAS" failures="0" tests="5" name="testNGStudies.Priority" time="0.023" errors="0" timestamp="2023-12-22T13:08:28 IST" skipped="0">
  <testcase classname="testNGStudies.Priority" name="c" time="0.003">
    <system-out>
      <![CDATA[Test case c is Running]]>
    </system-out>
  </testcase> <!-- c -->
  <testcase classname="testNGStudies.Priority" name="c" time="0.012">
    <system-out>
      <![CDATA[Test case c is Running]]>
    </system-out>
  </testcase> <!-- c -->
  <testcase classname="testNGStudies.Priority" name="c" time="0.002">
    <system-out>
      <![CDATA[Test case c is Running]]>
    </system-out>
  </testcase> <!-- c -->
  <testcase classname="testNGStudies.Priority" name="b" time="0.004">
    <system-out>
      <![CDATA[Test case B is Running]]>
    </system-out>
  </testcase> <!-- b -->
  <testcase classname="testNGStudies.Priority" name="a" time="0.002">
    <system-out>
      <![CDATA[Test case A is Running]]>
    </system-out>
  </testcase> <!-- a -->
  <system-out>
    <![CDATA[Test case c is Running
Test case c is Running
Test case c is Running
Test case A is Running
Test case B is Running]]>
  </system-out>
</testsuite> <!-- testNGStudies.Priority -->
