<?xml version="1.0" encoding="UTF-8"?>
<!-- Generated by org.testng.reporters.JUnitReportReporter -->
<testsuite hostname="DESKTOP-HER8BAS" failures="0" tests="1" name="testNGAssertions.AssertTrueFalse" time="0.022" errors="0" timestamp="2024-01-02T18:13:19 IST" skipped="0">
  <testcase classname="testNGAssertions.AssertTrueFalse" name="trueFalse" time="0.022"/>
</testsuite> <!-- testNGAssertions.AssertTrueFalse -->
