<?xml version="1.0" encoding="UTF-8"?>
<!-- Generated by org.testng.reporters.JUnitReportReporter -->
<testsuite hostname="DESKTOP-HER8BAS" failures="0" tests="2" name="dataProvider.FBAccountForm" time="50.988" errors="0" timestamp="2024-01-03T18:07:50 IST" skipped="0">
  <testcase classname="dataProvider.FBAccountForm" name="fbTest" time="29.901"/>
  <testcase classname="dataProvider.FBAccountForm" name="fbTest" time="21.087"/>
</testsuite> <!-- dataProvider.FBAccountForm -->
