<?xml version="1.0" encoding="UTF-8"?>
<!-- Generated by org.testng.reporters.JUnitReportReporter -->
<testsuite hostname="DESKTOP-HER8BAS" failures="0" tests="1" name="testNGAssertions.AssertNullNotNull" time="0.021" errors="0" timestamp="2024-01-02T18:08:17 IST" skipped="0">
  <testcase classname="testNGAssertions.AssertNullNotNull" name="f" time="0.021"/>
</testsuite> <!-- testNGAssertions.AssertNullNotNull -->
