<?xml version="1.0" encoding="UTF-8"?>
<!-- Generated by org.testng.reporters.JUnitReportReporter -->
<testsuite hostname="DESKTOP-HER8BAS" failures="0" tests="2" name="testNGxmlUse.GroupClass1" time="0.014" errors="0" timestamp="2023-12-28T18:30:33 IST" skipped="0">
  <testcase classname="testNGxmlUse.GroupClass1" name="TC1" time="0.011">
    <system-out>
      <![CDATA[TC1 is Running]]>
    </system-out>
  </testcase> <!-- TC1 -->
  <testcase classname="testNGxmlUse.GroupClass1" name="TC2" time="0.003">
    <system-out>
      <![CDATA[TC2 is Running]]>
    </system-out>
  </testcase> <!-- TC2 -->
  <system-out>
    <![CDATA[TC1 is Running
TC2 is Running
TC5 is Running
TC7 is Running]]>
  </system-out>
</testsuite> <!-- testNGxmlUse.GroupClass1 -->
