<?xml version="1.0" encoding="UTF-8"?>
<!-- Generated by org.testng.reporters.JUnitReportReporter -->
<testsuite hostname="DESKTOP-HER8BAS" failures="0" tests="1" name="testNGStudies.TimesOutUse" time="0.754" errors="0" timestamp="2023-12-22T13:14:41 IST" skipped="0">
  <testcase classname="testNGStudies.TimesOutUse" name="f" time="0.754">
    <system-out>
      <![CDATA[Payement done Successfully]]>
    </system-out>
  </testcase> <!-- f -->
  <system-out>
    <![CDATA[Payement done Successfully]]>
  </system-out>
</testsuite> <!-- testNGStudies.TimesOutUse -->
