<?xml version="1.0" encoding="UTF-8"?>
<!-- Generated by org.testng.reporters.JUnitReportReporter -->
<testsuite hostname="DESKTOP-HER8BAS" failures="0" tests="2" name="testNGxmlUse.MyClass2" time="0.022" errors="0" timestamp="2023-12-28T18:11:52 IST" skipped="0">
  <testcase classname="testNGxmlUse.MyClass2" name="TC7" time="0.007">
    <system-out>
      <![CDATA[TC7 is Running]]>
    </system-out>
  </testcase> <!-- TC7 -->
  <testcase classname="testNGxmlUse.MyClass2" name="TC5" time="0.015">
    <system-out>
      <![CDATA[TC5 is Running]]>
    </system-out>
  </testcase> <!-- TC5 -->
  <system-out>
    <![CDATA[TC5 is Running
TC7 is Running
TC2 is Running
TC4 is Running]]>
  </system-out>
</testsuite> <!-- testNGxmlUse.MyClass2 -->
