<?xml version="1.0" encoding="UTF-8"?>
<!-- Generated by org.testng.reporters.JUnitReportReporter -->
<testsuite hostname="DESKTOP-HER8BAS" failures="0" tests="1" name="serialAndParallelTestNG.Ajio" time="5.500" errors="0" timestamp="2024-01-02T13:38:53 IST" skipped="0">
  <testcase classname="serialAndParallelTestNG.Ajio" name="ajioTest" time="5.500"/>
</testsuite> <!-- serialAndParallelTestNG.Ajio -->
