<?xml version="1.0" encoding="UTF-8"?>
<!-- Generated by org.testng.reporters.JUnitReportReporter -->
<testsuite hostname="DESKTOP-HER8BAS" failures="0" tests="2" name="testNGxmlUse.MyClass1" time="0.009" errors="0" timestamp="2023-12-28T18:11:52 IST" skipped="0">
  <testcase classname="testNGxmlUse.MyClass1" name="TC2" time="0.007">
    <system-out>
      <![CDATA[TC2 is Running]]>
    </system-out>
  </testcase> <!-- TC2 -->
  <testcase classname="testNGxmlUse.MyClass1" name="TC4" time="0.002">
    <system-out>
      <![CDATA[TC4 is Running]]>
    </system-out>
  </testcase> <!-- TC4 -->
  <system-out>
    <![CDATA[TC5 is Running
TC7 is Running
TC2 is Running
TC4 is Running]]>
  </system-out>
</testsuite> <!-- testNGxmlUse.MyClass1 -->
