<?xml version="1.0" encoding="UTF-8"?>
<!-- Generated by org.testng.reporters.JUnitReportReporter -->
<testsuite hostname="DESKTOP-HER8BAS" failures="1" tests="4" name="testNGlisteners.MyClass2" time="0.009" errors="0" timestamp="2024-01-05T13:09:01 IST" skipped="1">
  <testcase classname="testNGlisteners.MyClass2" name="z" time="0.000">
    <skipped/>
    <system-out>
      <![CDATA[TC z is Skipped please check dependent method]]>
    </system-out>
  </testcase> <!-- z -->
  <testcase classname="testNGlisteners.MyClass2" name="x" time="0.003">
    <system-out>
      <![CDATA[TC x execution is started
X method is running
TC x is completed successfully]]>
    </system-out>
  </testcase> <!-- x -->
  <testcase classname="testNGlisteners.MyClass2" name="y" time="0.002">
    <failure message="null" type="java.lang.AssertionError">
      <![CDATA[java.lang.AssertionError: null
at org.testng.Assert.fail(Assert.java:111)
at org.testng.Assert.fail(Assert.java:116)
at testNGlisteners.MyClass2.y(MyClass2.java:19)
at java.base/jdk.internal.reflect.NativeMethodAccessorImpl.invoke0(Native Method)
at java.base/jdk.internal.reflect.NativeMethodAccessorImpl.invoke(NativeMethodAccessorImpl.java:77)
at java.base/jdk.internal.reflect.DelegatingMethodAccessorImpl.invoke(DelegatingMethodAccessorImpl.java:43)
at java.base/java.lang.reflect.Method.invoke(Method.java:568)
at org.testng.internal.invokers.MethodInvocationHelper.invokeMethod(MethodInvocationHelper.java:139)
at org.testng.internal.invokers.TestInvoker.invokeMethod(TestInvoker.java:664)
at org.testng.internal.invokers.TestInvoker.invokeTestMethod(TestInvoker.java:227)
at org.testng.internal.invokers.MethodRunner.runInSequence(MethodRunner.java:50)
at org.testng.internal.invokers.TestInvoker$MethodInvocationAgent.invoke(TestInvoker.java:957)
at org.testng.internal.invokers.TestInvoker.invokeTestMethods(TestInvoker.java:200)
at org.testng.internal.invokers.TestMethodWorker.invokeTestMethods(TestMethodWorker.java:148)
at org.testng.internal.invokers.TestMethodWorker.run(TestMethodWorker.java:128)
at java.base/java.util.ArrayList.forEach(ArrayList.java:1511)
at org.testng.TestRunner.privateRun(TestRunner.java:848)
at org.testng.TestRunner.run(TestRunner.java:621)
at org.testng.SuiteRunner.runTest(SuiteRunner.java:443)
at org.testng.SuiteRunner.runSequentially(SuiteRunner.java:437)
at org.testng.SuiteRunner.privateRun(SuiteRunner.java:397)
at org.testng.SuiteRunner.run(SuiteRunner.java:336)
at org.testng.SuiteRunnerWorker.runSuite(SuiteRunnerWorker.java:52)
at org.testng.SuiteRunnerWorker.run(SuiteRunnerWorker.java:95)
at org.testng.TestNG.runSuitesSequentially(TestNG.java:1280)
at org.testng.TestNG.runSuitesLocally(TestNG.java:1200)
at org.testng.TestNG.runSuites(TestNG.java:1114)
at org.testng.TestNG.run(TestNG.java:1082)
at org.testng.remote.AbstractRemoteTestNG.run(AbstractRemoteTestNG.java:115)
at org.testng.remote.RemoteTestNG.initAndRun(RemoteTestNG.java:251)
at org.testng.remote.RemoteTestNG.main(RemoteTestNG.java:77)
]]>
    </failure>
    <system-out>
      <![CDATA[TC y execution is started
TC y is Failed,please check again]]>
    </system-out>
  </testcase> <!-- y -->
  <testcase classname="testNGlisteners.MyClass2" name="w" time="0.004">
    <system-out>
      <![CDATA[TC w execution is started
W method is running
TC w is completed successfully]]>
    </system-out>
  </testcase> <!-- w -->
  <system-out>
    <![CDATA[TC b execution is started
TC b is Failed,please check again
TC d execution is started
D method is running
TC d is completed successfully
TC a execution is started
A method is running
TC a is completed successfully
TC c execution is started
TC c is Skipped please check dependent method
TC w execution is started
W method is running
TC w is completed successfully
TC x execution is started
X method is running
TC x is completed successfully
TC y execution is started
TC y is Failed,please check again
TC z execution is started
TC z is Skipped please check dependent method]]>
  </system-out>
</testsuite> <!-- testNGlisteners.MyClass2 -->
