<?xml version="1.0" encoding="UTF-8"?>
<!-- Generated by org.testng.reporters.JUnitReportReporter -->
<testsuite hostname="DESKTOP-HER8BAS" failures="0" tests="2" name="testNGStudies.BeforeAfterClass" time="0.021" errors="0" timestamp="2023-12-27T12:59:06 IST" skipped="0">
  <testcase classname="testNGStudies.BeforeAfterClass" name="TC1" time="0.013">
    <system-out>
      <![CDATA[TC1 is running]]>
    </system-out>
  </testcase> <!-- TC1 -->
  <testcase classname="testNGStudies.BeforeAfterClass" name="TC2" time="0.008">
    <system-out>
      <![CDATA[TC2 is running]]>
    </system-out>
  </testcase> <!-- TC2 -->
  <system-out>
    <![CDATA[BeforTest is running
BeforeClass is running
BeforeMethod is running
TC1 is running
AfterMethod is running
BeforeMethod is running
TC2 is running
AfterMethod is running
AfterClass is running
AfterTest is running]]>
  </system-out>
</testsuite> <!-- testNGStudies.BeforeAfterClass -->
