<?xml version="1.0" encoding="UTF-8"?>
<!-- Generated by org.testng.reporters.JUnitReportReporter -->
<testsuite hostname="DESKTOP-HER8BAS" failures="0" tests="2" name="testNGStudies.BeforeAfterMethodUse" time="0.026" errors="0" timestamp="2023-12-27T12:35:38 IST" skipped="0">
  <testcase classname="testNGStudies.BeforeAfterMethodUse" name="secondMethod" time="0.007">
    <system-out>
      <![CDATA[SecondMethod is Running]]>
    </system-out>
  </testcase> <!-- secondMethod -->
  <testcase classname="testNGStudies.BeforeAfterMethodUse" name="firstMethod" time="0.019">
    <system-out>
      <![CDATA[FirstMethod is Running]]>
    </system-out>
  </testcase> <!-- firstMethod -->
  <system-out>
    <![CDATA[Login is done
FirstMethod is Running
logOut is done
Login is done
SecondMethod is Running
logOut is done]]>
  </system-out>
</testsuite> <!-- testNGStudies.BeforeAfterMethodUse -->
