<?xml version="1.0" encoding="UTF-8"?>
<!-- Generated by org.testng.reporters.JUnitReportReporter -->
<testsuite hostname="DESKTOP-HER8BAS" failures="0" tests="1" name="dataProvider.FBAccountFormUsingXMLData" time="14.220" errors="0" timestamp="2024-01-03T21:18:24 IST" skipped="0">
  <testcase classname="dataProvider.FBAccountFormUsingXMLData" name="fbTest" time="14.220"/>
</testsuite> <!-- dataProvider.FBAccountFormUsingXMLData -->
